[debug] [2020-04-11T21:43:29.785Z] ----------------------------------------------------------------------
[debug] [2020-04-11T21:43:29.788Z] Command:       C:\Program Files\nodejs\node.exe C:\Users\DigitalCitizen\AppData\Local\Yarn\Data\global\node_modules\firebase-tools\lib\bin\firebase.js deploy
[debug] [2020-04-11T21:43:29.788Z] CLI Version:   7.15.1
[debug] [2020-04-11T21:43:29.788Z] Platform:      win32
[debug] [2020-04-11T21:43:29.788Z] Node Version:  v13.7.0
[debug] [2020-04-11T21:43:29.789Z] Time:          Sat Apr 11 2020 22:43:29 GMT+0100 (British Summer Time)
[debug] [2020-04-11T21:43:29.789Z] ----------------------------------------------------------------------
[debug] [2020-04-11T21:43:29.789Z] 
[debug] [2020-04-11T21:43:29.797Z] > command requires scopes: ["email","openid","https://www.googleapis.com/auth/cloudplatformprojects.readonly","https://www.googleapis.com/auth/firebase","https://www.googleapis.com/auth/cloud-platform"]
[debug] [2020-04-11T21:43:29.797Z] > authorizing via signed-in user
[debug] [2020-04-11T21:43:29.797Z] [iam] checking project weather-api-app-68d62 for permissions ["firebase.projects.get","firebasehosting.sites.update"]
[debug] [2020-04-11T21:43:29.799Z] > refreshing access token with scopes: ["email","https://www.googleapis.com/auth/cloud-platform","https://www.googleapis.com/auth/cloudplatformprojects.readonly","https://www.googleapis.com/auth/firebase","openid"]
[debug] [2020-04-11T21:43:29.799Z] >>> HTTP REQUEST POST https://www.googleapis.com/oauth2/v3/token  
 <request body omitted>
[debug] [2020-04-11T21:43:30.106Z] <<< HTTP RESPONSE 200
[debug] [2020-04-11T21:43:30.112Z] >>> HTTP REQUEST POST https://cloudresourcemanager.googleapis.com/v1/projects/weather-api-app-68d62:testIamPermissions  

[debug] [2020-04-11T21:43:54.379Z] ----------------------------------------------------------------------
[debug] [2020-04-11T21:43:54.381Z] Command:       C:\Program Files\nodejs\node.exe C:\Users\DigitalCitizen\AppData\Local\Yarn\Data\global\node_modules\firebase-tools\lib\bin\firebase.js deploy
[debug] [2020-04-11T21:43:54.381Z] CLI Version:   7.15.1
[debug] [2020-04-11T21:43:54.381Z] Platform:      win32
[debug] [2020-04-11T21:43:54.381Z] Node Version:  v13.7.0
[debug] [2020-04-11T21:43:54.382Z] Time:          Sat Apr 11 2020 22:43:54 GMT+0100 (British Summer Time)
[debug] [2020-04-11T21:43:54.382Z] ----------------------------------------------------------------------
[debug] [2020-04-11T21:43:54.382Z] 
[debug] [2020-04-11T21:43:54.389Z] > command requires scopes: ["email","openid","https://www.googleapis.com/auth/cloudplatformprojects.readonly","https://www.googleapis.com/auth/firebase","https://www.googleapis.com/auth/cloud-platform"]
[debug] [2020-04-11T21:43:54.390Z] > authorizing via signed-in user
[debug] [2020-04-11T21:43:54.390Z] [iam] checking project weather-api-app-68d62 for permissions ["firebase.projects.get","firebasehosting.sites.update"]
[debug] [2020-04-11T21:43:54.391Z] >>> HTTP REQUEST POST https://cloudresourcemanager.googleapis.com/v1/projects/weather-api-app-68d62:testIamPermissions  

[debug] [2020-04-11T21:46:01.790Z] [iam] error while checking permissions, command may fail: FirebaseError: Server Error. Client network socket disconnected before secure TLS connection was established
[debug] [2020-04-11T21:46:01.790Z] >>> HTTP REQUEST GET https://firebase.googleapis.com/v1beta1/projects/weather-api-app-68d62  
 
[debug] [2020-04-11T21:46:02.211Z] <<< HTTP RESPONSE 200
[info] 
[info] === Deploying to 'weather-api-app-68d62'...
[info] 
[info] i  deploying hosting
[debug] [2020-04-11T21:46:02.215Z] >>> HTTP REQUEST POST https://firebasehosting.googleapis.com/v1beta1/sites/weather-api-app-68d62/versions  

[debug] [2020-04-11T21:46:03.904Z] <<< HTTP RESPONSE 200
[info] i  hosting[weather-api-app-68d62]: beginning deploy...
[info] i  hosting[weather-api-app-68d62]: found 17 files in src
[debug] [2020-04-11T21:46:03.932Z] [hosting] hash cache [c3Jj] stored for 17 files
[debug] [2020-04-11T21:46:03.933Z] [hosting][hash queue][FINAL]
[debug] [2020-04-11T21:46:03.933Z] >>> HTTP REQUEST POST https://firebasehosting.googleapis.com/v1beta1/sites/weather-api-app-68d62/versions/99734856c480e2d0:populateFiles  
 <request body omitted>
[debug] [2020-04-11T21:46:05.229Z] <<< HTTP RESPONSE 200
[debug] [2020-04-11T21:46:05.235Z] [hosting][populate queue][FINAL]
[debug] [2020-04-11T21:46:05.236Z] [hosting] uploads queued: 9
[debug] [2020-04-11T21:47:05.770Z] [uploadQueue] Retrying task f188cc0d264e5900db00249aa084db74cf32e80b79256ff016783c027276f324
[debug] [2020-04-11T21:47:05.770Z] [uploadQueue] Retrying task 2ea06f90ef92733b202a58a1e8ed89390d348c735a1ca055af54e94ed081b8ca
[debug] [2020-04-11T21:48:06.661Z] [uploadQueue] Retrying task f188cc0d264e5900db00249aa084db74cf32e80b79256ff016783c027276f324
[debug] [2020-04-11T21:48:09.085Z] [hosting][upload queue][FINAL]
[info] +  hosting[weather-api-app-68d62]: file upload complete
[debug] [2020-04-11T21:48:09.086Z] [hosting] deploy completed after 125181ms
[debug] [2020-04-11T21:48:09.087Z] [
  {
    "config": {
      "public": "src",
      "ignore": [
        "firebase.json",
        "**/.*",
        "**/node_modules/**"
      ],
      "site": "weather-api-app-68d62"
    },
    "site": "weather-api-app-68d62",
    "version": "sites/weather-api-app-68d62/versions/99734856c480e2d0"
  }
]
[info] i  hosting[weather-api-app-68d62]: finalizing version...
[debug] [2020-04-11T21:48:09.088Z] >>> HTTP REQUEST PATCH https://firebasehosting.googleapis.com/v1beta1/sites/weather-api-app-68d62/versions/99734856c480e2d0?updateMask=status  

[debug] [2020-04-11T21:48:10.119Z] <<< HTTP RESPONSE 200
[debug] [2020-04-11T21:48:10.120Z] [hosting] finalized version for weather-api-app-68d62:
[info] +  hosting[weather-api-app-68d62]: version finalized
[info] i  hosting[weather-api-app-68d62]: releasing new version...
[debug] [2020-04-11T21:48:10.121Z] >>> HTTP REQUEST POST https://firebasehosting.googleapis.com/v1beta1/sites/weather-api-app-68d62/releases?version_name=sites/weather-api-app-68d62/versions/99734856c480e2d0  

[debug] [2020-04-11T21:48:31.158Z] Error: connect ETIMEDOUT 216.58.210.42:443
    at TCPConnectWrap.afterConnect [as oncomplete] (net.js:1137:16)
[error] 
[error] Error: Server Error. connect ETIMEDOUT 216.58.210.42:443
[debug] [2020-04-11T21:48:39.137Z] ----------------------------------------------------------------------
[debug] [2020-04-11T21:48:39.139Z] Command:       C:\Program Files\nodejs\node.exe C:\Users\DigitalCitizen\AppData\Local\Yarn\Data\global\node_modules\firebase-tools\lib\bin\firebase.js deploy
[debug] [2020-04-11T21:48:39.139Z] CLI Version:   7.15.1
[debug] [2020-04-11T21:48:39.139Z] Platform:      win32
[debug] [2020-04-11T21:48:39.139Z] Node Version:  v13.7.0
[debug] [2020-04-11T21:48:39.140Z] Time:          Sat Apr 11 2020 22:48:39 GMT+0100 (British Summer Time)
[debug] [2020-04-11T21:48:39.140Z] ----------------------------------------------------------------------
[debug] [2020-04-11T21:48:39.140Z] 
[debug] [2020-04-11T21:48:39.147Z] > command requires scopes: ["email","openid","https://www.googleapis.com/auth/cloudplatformprojects.readonly","https://www.googleapis.com/auth/firebase","https://www.googleapis.com/auth/cloud-platform"]
[debug] [2020-04-11T21:48:39.148Z] > authorizing via signed-in user
[debug] [2020-04-11T21:48:39.148Z] [iam] checking project weather-api-app-68d62 for permissions ["firebase.projects.get","firebasehosting.sites.update"]
[debug] [2020-04-11T21:48:39.149Z] >>> HTTP REQUEST POST https://cloudresourcemanager.googleapis.com/v1/projects/weather-api-app-68d62:testIamPermissions  

[debug] [2020-04-11T21:48:40.059Z] <<< HTTP RESPONSE 200
[debug] [2020-04-11T21:48:40.061Z] >>> HTTP REQUEST GET https://firebase.googleapis.com/v1beta1/projects/weather-api-app-68d62  
 
[debug] [2020-04-11T21:48:40.372Z] <<< HTTP RESPONSE 200
[info] 
[info] === Deploying to 'weather-api-app-68d62'...
[info] 
[info] i  deploying hosting
[debug] [2020-04-11T21:48:40.376Z] >>> HTTP REQUEST POST https://firebasehosting.googleapis.com/v1beta1/sites/weather-api-app-68d62/versions  

[debug] [2020-04-11T21:48:41.791Z] <<< HTTP RESPONSE 200
[info] i  hosting[weather-api-app-68d62]: beginning deploy...
[info] i  hosting[weather-api-app-68d62]: found 17 files in src
[debug] [2020-04-11T21:48:41.808Z] [hosting] hash cache [c3Jj] stored for 17 files
[debug] [2020-04-11T21:48:41.809Z] [hosting][hash queue][FINAL]
[debug] [2020-04-11T21:48:41.809Z] >>> HTTP REQUEST POST https://firebasehosting.googleapis.com/v1beta1/sites/weather-api-app-68d62/versions/73ff8f79eb4b5712:populateFiles  
 <request body omitted>
[debug] [2020-04-11T21:48:42.915Z] <<< HTTP RESPONSE 200
[debug] [2020-04-11T21:48:42.916Z] [hosting][populate queue][FINAL]
[debug] [2020-04-11T21:48:42.916Z] [hosting] uploads queued: 0
[debug] [2020-04-11T21:48:42.916Z] [hosting][upload queue][FINAL]
[info] +  hosting[weather-api-app-68d62]: file upload complete
[debug] [2020-04-11T21:48:42.917Z] [hosting] deploy completed after 1124ms
[debug] [2020-04-11T21:48:42.918Z] [
  {
    "config": {
      "public": "src",
      "ignore": [
        "firebase.json",
        "**/.*",
        "**/node_modules/**"
      ],
      "site": "weather-api-app-68d62"
    },
    "site": "weather-api-app-68d62",
    "version": "sites/weather-api-app-68d62/versions/73ff8f79eb4b5712"
  }
]
[info] i  hosting[weather-api-app-68d62]: finalizing version...
[debug] [2020-04-11T21:48:42.919Z] >>> HTTP REQUEST PATCH https://firebasehosting.googleapis.com/v1beta1/sites/weather-api-app-68d62/versions/73ff8f79eb4b5712?updateMask=status  

[debug] [2020-04-11T21:50:50.303Z] Error: Client network socket disconnected before secure TLS connection was established
    at connResetException (internal/errors.js:609:14)
    at TLSSocket.onConnectEnd (_tls_wrap.js:1515:19)
    at Object.onceWrapper (events.js:427:28)
    at TLSSocket.emit (events.js:333:22)
    at TLSSocket.EventEmitter.emit (domain.js:485:12)
    at endReadableNT (_stream_readable.js:1201:12)
    at processTicksAndRejections (internal/process/task_queues.js:84:21)
[error] 
[error] Error: Server Error. Client network socket disconnected before secure TLS connection was established
